2024-04-28 18:20:48,493 INFO o.a.j.u.JMeterUtils: Setting Locale to en_EN
2024-04-28 18:20:48,509 INFO o.a.j.JMeter: Loading user properties from: user.properties
2024-04-28 18:20:48,510 INFO o.a.j.JMeter: Loading system properties from: system.properties
2024-04-28 18:20:48,518 INFO o.a.j.JMeter: Copyright (c) 1998-2024 The Apache Software Foundation
2024-04-28 18:20:48,518 INFO o.a.j.JMeter: Version 5.6.3
2024-04-28 18:20:48,518 INFO o.a.j.JMeter: java.version=1.8.0_401
2024-04-28 18:20:48,518 INFO o.a.j.JMeter: java.vm.name=Java HotSpot(TM) Client VM
2024-04-28 18:20:48,518 INFO o.a.j.JMeter: os.name=Windows 10
2024-04-28 18:20:48,519 INFO o.a.j.JMeter: os.arch=x86
2024-04-28 18:20:48,519 INFO o.a.j.JMeter: os.version=10.0
2024-04-28 18:20:48,519 INFO o.a.j.JMeter: file.encoding=Cp1252
2024-04-28 18:20:48,519 INFO o.a.j.JMeter: java.awt.headless=true
2024-04-28 18:20:48,519 INFO o.a.j.JMeter: Max memory     =1073741824
2024-04-28 18:20:48,519 INFO o.a.j.JMeter: Available Processors =8
2024-04-28 18:20:48,523 INFO o.a.j.JMeter: Default Locale=English (EN)
2024-04-28 18:20:48,523 INFO o.a.j.JMeter: JMeter  Locale=English (EN)
2024-04-28 18:20:48,523 INFO o.a.j.JMeter: JMeterHome=C:\Users\icham\OneDrive\documents\Master\Projet 11 Faites adhérer parties prenantes avec POC\apache-jmeter-5.6.3
2024-04-28 18:20:48,523 INFO o.a.j.JMeter: user.dir  =C:\Users\icham\OneDrive\documents\Master\Projet 11 Faites adhérer parties prenantes avec POC\apache-jmeter-5.6.3\bin
2024-04-28 18:20:48,524 INFO o.a.j.JMeter: PWD       =C:\Users\icham\OneDrive\documents\Master\Projet 11 Faites adhérer parties prenantes avec POC\apache-jmeter-5.6.3\bin
2024-04-28 18:20:48,525 INFO o.a.j.JMeter: IP: 172.20.10.7 Name: DESKTOP-FTQHOOL FullName: DESKTOP-FTQHOOL
2024-04-28 18:20:48,560 INFO o.a.j.r.RmiUtils: System property 'java.rmi.server.hostname' is not defined, using localHost address
2024-04-28 18:20:48,560 INFO o.a.j.r.RmiUtils: Local IP address=172.20.10.7
2024-04-28 18:20:49,417 ERROR o.a.j.JMeter: Giving up, as server failed with:
java.rmi.server.ExportException: Listen failed on port: 0; nested exception is: 
	java.io.FileNotFoundException: rmi_keystore.jks (Le fichier spécifié est introuvable)
	at sun.rmi.transport.tcp.TCPTransport.listen(Unknown Source) ~[?:1.8.0_401]
	at sun.rmi.transport.tcp.TCPTransport.exportObject(Unknown Source) ~[?:1.8.0_401]
	at sun.rmi.transport.tcp.TCPEndpoint.exportObject(Unknown Source) ~[?:1.8.0_401]
	at sun.rmi.transport.LiveRef.exportObject(Unknown Source) ~[?:1.8.0_401]
	at sun.rmi.server.UnicastServerRef.exportObject(Unknown Source) ~[?:1.8.0_401]
	at java.rmi.server.UnicastRemoteObject.exportObject(Unknown Source) ~[?:1.8.0_401]
	at java.rmi.server.UnicastRemoteObject.exportObject(Unknown Source) ~[?:1.8.0_401]
	at java.rmi.server.UnicastRemoteObject.<init>(Unknown Source) ~[?:1.8.0_401]
	at org.apache.jmeter.engine.RemoteJMeterEngineImpl.<init>(RemoteJMeterEngineImpl.java:68) ~[ApacheJMeter_core.jar:5.6.3]
	at org.apache.jmeter.engine.RemoteJMeterEngineImpl.startServer(RemoteJMeterEngineImpl.java:74) ~[ApacheJMeter_core.jar:5.6.3]
	at org.apache.jmeter.JMeter.start(JMeter.java:464) [ApacheJMeter_core.jar:5.6.3]
	at sun.reflect.NativeMethodAccessorImpl.invoke0(Native Method) ~[?:1.8.0_401]
	at sun.reflect.NativeMethodAccessorImpl.invoke(Unknown Source) ~[?:1.8.0_401]
	at sun.reflect.DelegatingMethodAccessorImpl.invoke(Unknown Source) ~[?:1.8.0_401]
	at java.lang.reflect.Method.invoke(Unknown Source) ~[?:1.8.0_401]
	at org.apache.jmeter.NewDriver.main(NewDriver.java:259) [ApacheJMeter.jar:5.6.3]
Caused by: java.io.FileNotFoundException: rmi_keystore.jks (Le fichier spécifié est introuvable)
	at java.io.FileInputStream.open0(Native Method) ~[?:1.8.0_401]
	at java.io.FileInputStream.open(Unknown Source) ~[?:1.8.0_401]
	at java.io.FileInputStream.<init>(Unknown Source) ~[?:1.8.0_401]
	at java.io.FileInputStream.<init>(Unknown Source) ~[?:1.8.0_401]
	at org.apache.jmeter.rmi.SSLRMIServerSocketFactory.loadStore(SSLRMIServerSocketFactory.java:147) ~[ApacheJMeter_core.jar:5.6.3]
	at org.apache.jmeter.rmi.SSLRMIServerSocketFactory.createServerSocket(SSLRMIServerSocketFactory.java:99) ~[ApacheJMeter_core.jar:5.6.3]
	at sun.rmi.transport.tcp.TCPEndpoint.newServerSocket(Unknown Source) ~[?:1.8.0_401]
	... 16 more
2024-04-28 18:20:49,421 ERROR o.a.j.JMeter: An error occurred: 
java.rmi.server.ExportException: Listen failed on port: 0; nested exception is: 
	java.io.FileNotFoundException: rmi_keystore.jks (Le fichier spécifié est introuvable)
	at sun.rmi.transport.tcp.TCPTransport.listen(Unknown Source) ~[?:1.8.0_401]
	at sun.rmi.transport.tcp.TCPTransport.exportObject(Unknown Source) ~[?:1.8.0_401]
	at sun.rmi.transport.tcp.TCPEndpoint.exportObject(Unknown Source) ~[?:1.8.0_401]
	at sun.rmi.transport.LiveRef.exportObject(Unknown Source) ~[?:1.8.0_401]
	at sun.rmi.server.UnicastServerRef.exportObject(Unknown Source) ~[?:1.8.0_401]
	at java.rmi.server.UnicastRemoteObject.exportObject(Unknown Source) ~[?:1.8.0_401]
	at java.rmi.server.UnicastRemoteObject.exportObject(Unknown Source) ~[?:1.8.0_401]
	at java.rmi.server.UnicastRemoteObject.<init>(Unknown Source) ~[?:1.8.0_401]
	at org.apache.jmeter.engine.RemoteJMeterEngineImpl.<init>(RemoteJMeterEngineImpl.java:68) ~[ApacheJMeter_core.jar:5.6.3]
	at org.apache.jmeter.engine.RemoteJMeterEngineImpl.startServer(RemoteJMeterEngineImpl.java:74) ~[ApacheJMeter_core.jar:5.6.3]
	at org.apache.jmeter.JMeter.start(JMeter.java:464) [ApacheJMeter_core.jar:5.6.3]
	at sun.reflect.NativeMethodAccessorImpl.invoke0(Native Method) ~[?:1.8.0_401]
	at sun.reflect.NativeMethodAccessorImpl.invoke(Unknown Source) ~[?:1.8.0_401]
	at sun.reflect.DelegatingMethodAccessorImpl.invoke(Unknown Source) ~[?:1.8.0_401]
	at java.lang.reflect.Method.invoke(Unknown Source) ~[?:1.8.0_401]
	at org.apache.jmeter.NewDriver.main(NewDriver.java:259) [ApacheJMeter.jar:5.6.3]
Caused by: java.io.FileNotFoundException: rmi_keystore.jks (Le fichier spécifié est introuvable)
	at java.io.FileInputStream.open0(Native Method) ~[?:1.8.0_401]
	at java.io.FileInputStream.open(Unknown Source) ~[?:1.8.0_401]
	at java.io.FileInputStream.<init>(Unknown Source) ~[?:1.8.0_401]
	at java.io.FileInputStream.<init>(Unknown Source) ~[?:1.8.0_401]
	at org.apache.jmeter.rmi.SSLRMIServerSocketFactory.loadStore(SSLRMIServerSocketFactory.java:147) ~[ApacheJMeter_core.jar:5.6.3]
	at org.apache.jmeter.rmi.SSLRMIServerSocketFactory.createServerSocket(SSLRMIServerSocketFactory.java:99) ~[ApacheJMeter_core.jar:5.6.3]
	at sun.rmi.transport.tcp.TCPEndpoint.newServerSocket(Unknown Source) ~[?:1.8.0_401]
	... 16 more
