2024-04-28 18:21:11,841 INFO o.a.j.u.JMeterUtils: Setting Locale to en_EN
2024-04-28 18:21:11,851 INFO o.a.j.JMeter: Loading user properties from: user.properties
2024-04-28 18:21:11,852 INFO o.a.j.JMeter: Loading system properties from: system.properties
2024-04-28 18:21:11,857 INFO o.a.j.JMeter: Copyright (c) 1998-2024 The Apache Software Foundation
2024-04-28 18:21:11,857 INFO o.a.j.JMeter: Version 5.6.3
2024-04-28 18:21:11,857 INFO o.a.j.JMeter: java.version=1.8.0_401
2024-04-28 18:21:11,857 INFO o.a.j.JMeter: java.vm.name=Java HotSpot(TM) Client VM
2024-04-28 18:21:11,857 INFO o.a.j.JMeter: os.name=Windows 10
2024-04-28 18:21:11,857 INFO o.a.j.JMeter: os.arch=x86
2024-04-28 18:21:11,857 INFO o.a.j.JMeter: os.version=10.0
2024-04-28 18:21:11,857 INFO o.a.j.JMeter: file.encoding=Cp1252
2024-04-28 18:21:11,857 INFO o.a.j.JMeter: java.awt.headless=null
2024-04-28 18:21:11,857 INFO o.a.j.JMeter: Max memory     =1073741824
2024-04-28 18:21:11,857 INFO o.a.j.JMeter: Available Processors =8
2024-04-28 18:21:11,861 INFO o.a.j.JMeter: Default Locale=English (EN)
2024-04-28 18:21:11,861 INFO o.a.j.JMeter: JMeter  Locale=English (EN)
2024-04-28 18:21:11,861 INFO o.a.j.JMeter: JMeterHome=C:\Users\icham\OneDrive\documents\Master\Projet 11 Faites adhérer parties prenantes avec POC\apache-jmeter-5.6.3
2024-04-28 18:21:11,861 INFO o.a.j.JMeter: user.dir  =C:\Users\icham\OneDrive\documents\Master\Projet 11 Faites adhérer parties prenantes avec POC\apache-jmeter-5.6.3\bin
2024-04-28 18:21:11,862 INFO o.a.j.JMeter: PWD       =C:\Users\icham\OneDrive\documents\Master\Projet 11 Faites adhérer parties prenantes avec POC\apache-jmeter-5.6.3\bin
2024-04-28 18:21:11,863 INFO o.a.j.JMeter: IP: 172.20.10.7 Name: DESKTOP-FTQHOOL FullName: DESKTOP-FTQHOOL
2024-04-28 18:21:11,878 INFO o.a.j.JMeter: Loaded icon properties from org/apache/jmeter/images/icon.properties
2024-04-28 18:21:12,004 INFO o.a.j.JMeterGuiLauncher: Setting LAF to: com.github.weisj.darklaf.DarkLaf:com.github.weisj.darklaf.theme.DarculaTheme
2024-04-28 18:21:23,874 INFO o.a.j.s.FileServer: Default base='C:\Users\icham\OneDrive\documents\Master\Projet 11 Faites adhérer parties prenantes avec POC\apache-jmeter-5.6.3\bin'
2024-04-28 18:21:23,877 INFO o.a.j.g.a.Load: Loading file: C:\Users\icham\OneDrive\documents\Master\Projet 11 Faites adhérer parties prenantes avec POC\apache-jmeter-5.6.3\bin\HTTP Request.jmx
2024-04-28 18:21:23,877 INFO o.a.j.s.FileServer: Set new base='C:\Users\icham\OneDrive\documents\Master\Projet 11 Faites adhérer parties prenantes avec POC\apache-jmeter-5.6.3\bin'
2024-04-28 18:21:24,061 INFO o.a.j.s.SaveService: Testplan (JMX) version: 2.2. Testlog (JTL) version: 2.2
2024-04-28 18:21:24,086 INFO o.a.j.s.SaveService: Using SaveService properties file encoding UTF-8
2024-04-28 18:21:24,088 INFO o.a.j.s.SaveService: Using SaveService properties version 5.0
2024-04-28 18:21:24,090 INFO o.a.j.s.SaveService: Loading file: C:\Users\icham\OneDrive\documents\Master\Projet 11 Faites adhérer parties prenantes avec POC\apache-jmeter-5.6.3\bin\HTTP Request.jmx
2024-04-28 18:21:24,126 INFO o.a.j.p.h.s.HTTPSamplerBase: Parser for text/html is org.apache.jmeter.protocol.http.parser.LagartoBasedHtmlParser
2024-04-28 18:21:24,126 INFO o.a.j.p.h.s.HTTPSamplerBase: Parser for application/xhtml+xml is org.apache.jmeter.protocol.http.parser.LagartoBasedHtmlParser
2024-04-28 18:21:24,126 INFO o.a.j.p.h.s.HTTPSamplerBase: Parser for application/xml is org.apache.jmeter.protocol.http.parser.LagartoBasedHtmlParser
2024-04-28 18:21:24,126 INFO o.a.j.p.h.s.HTTPSamplerBase: Parser for text/xml is org.apache.jmeter.protocol.http.parser.LagartoBasedHtmlParser
2024-04-28 18:21:24,126 INFO o.a.j.p.h.s.HTTPSamplerBase: Parser for text/vnd.wap.wml is org.apache.jmeter.protocol.http.parser.RegexpHTMLParser
2024-04-28 18:21:24,126 INFO o.a.j.p.h.s.HTTPSamplerBase: Parser for text/css is org.apache.jmeter.protocol.http.parser.CssParser
2024-04-28 18:21:24,438 INFO o.a.j.s.SampleResult: Note: Sample TimeStamps are START times
2024-04-28 18:21:24,438 INFO o.a.j.s.SampleResult: sampleresult.default.encoding is set to UTF-8
2024-04-28 18:21:24,438 INFO o.a.j.s.SampleResult: sampleresult.useNanoTime=true
2024-04-28 18:21:24,438 INFO o.a.j.s.SampleResult: sampleresult.nanoThreadSleep=5000
2024-04-28 18:21:24,807 INFO o.a.j.s.FileServer: Set new base='C:\Users\icham\OneDrive\documents\Master\Projet 11 Faites adhérer parties prenantes avec POC\apache-jmeter-5.6.3\bin'
